# JRE version: OpenJDK Runtime Environment (8.0_152-b01) (build 1.8.0_152-release-1248-b01)
# Java VM: OpenJDK 64-Bit Server VM (25.152-b01 mixed mode windows-amd64 compressed oops)
Heap:
 PSYoungGen      total 497152K, used 265763K [0x00000000e0000000, 0x0000000100000000, 0x0000000100000000)
  eden space 472064K, 52% used [0x00000000e0000000,0x00000000ef262218,0x00000000fcd00000)
  from space 25088K, 70% used [0x00000000fe780000,0x00000000ff8a6a40,0x0000000100000000)
  to   space 26112K, 0% used [0x00000000fcd00000,0x00000000fcd00000,0x00000000fe680000)
 ParOldGen       total 152064K, used 52986K [0x00000000a0000000, 0x00000000a9480000, 0x00000000e0000000)
  object space 152064K, 34% used [0x00000000a0000000,0x00000000a33be960,0x00000000a9480000)
 Metaspace       used 95869K, capacity 100193K, committed 100312K, reserved 1136640K
  class space    used 11979K, capacity 12731K, committed 12800K, reserved 1048576K
GC Heap History (10 events):
Event: 3212.773 GC heap before
{Heap before GC invocations=30 (full 4):
 PSYoungGen      total 373760K, used 347136K [0x00000000e0000000, 0x00000000fd400000, 0x0000000100000000)
  eden space 347136K, 100% used [0x00000000e0000000,0x00000000f5300000,0x00000000f5300000)
  from space 26624K, 0% used [0x00000000f5300000,0x00000000f5300000,0x00000000f6d00000)
  to   space 26112K, 0% used [0x00000000fba80000,0x00000000fba80000,0x00000000fd400000)
 ParOldGen       total 152064K, used 49116K [0x00000000a0000000, 0x00000000a9480000, 0x00000000e0000000)
  object space 152064K, 32% used [0x00000000a0000000,0x00000000a2ff7058,0x00000000a9480000)
 Metaspace       used 94222K, capacity 97827K, committed 98904K, reserved 1136640K
  class space    used 11846K, capacity 12496K, committed 12672K, reserved 1048576K
Event: 3212.803 GC heap after
Heap after GC invocations=30 (full 4):
 PSYoungGen      total 450048K, used 10725K [0x00000000e0000000, 0x00000000fd100000, 0x0000000100000000)
  eden space 427008K, 0% used [0x00000000e0000000,0x00000000e0000000,0x00000000fa100000)
  from space 23040K, 46% used [0x00000000fba80000,0x00000000fc4f94d0,0x00000000fd100000)
  to   space 24576K, 0% used [0x00000000fa100000,0x00000000fa100000,0x00000000fb900000)
 ParOldGen       total 152064K, used 49124K [0x00000000a0000000, 0x00000000a9480000, 0x00000000e0000000)
  object space 152064K, 32% used [0x00000000a0000000,0x00000000a2ff9058,0x00000000a9480000)
 Metaspace       used 94222K, capacity 97827K, committed 98904K, reserved 1136640K
  class space    used 11846K, capacity 12496K, committed 12672K, reserved 1048576K
}
Event: 3285.082 GC heap before
{Heap before GC invocations=31 (full 4):
 PSYoungGen      total 450048K, used 437733K [0x00000000e0000000, 0x00000000fd100000, 0x0000000100000000)
  eden space 427008K, 100% used [0x00000000e0000000,0x00000000fa100000,0x00000000fa100000)
  from space 23040K, 46% used [0x00000000fba80000,0x00000000fc4f94d0,0x00000000fd100000)
  to   space 24576K, 0% used [0x00000000fa100000,0x00000000fa100000,0x00000000fb900000)
 ParOldGen       total 152064K, used 49124K [0x00000000a0000000, 0x00000000a9480000, 0x00000000e0000000)
  object space 152064K, 32% used [0x00000000a0000000,0x00000000a2ff9058,0x00000000a9480000)
 Metaspace       used 94711K, capacity 98469K, committed 98904K, reserved 1136640K
  class space    used 11892K, capacity 12577K, committed 12672K, reserved 1048576K
Event: 3285.123 GC heap after
Heap after GC invocations=31 (full 4):
 PSYoungGen      total 451584K, used 12197K [0x00000000e0000000, 0x0000000100000000, 0x0000000100000000)
  eden space 427008K, 0% used [0x00000000e0000000,0x00000000e0000000,0x00000000fa100000)
  from space 24576K, 49% used [0x00000000fa100000,0x00000000face94e8,0x00000000fb900000)
  to   space 24064K, 0% used [0x00000000fe880000,0x00000000fe880000,0x0000000100000000)
 ParOldGen       total 152064K, used 52039K [0x00000000a0000000, 0x00000000a9480000, 0x00000000e0000000)
  object space 152064K, 34% used [0x00000000a0000000,0x00000000a32d1de8,0x00000000a9480000)
 Metaspace       used 94711K, capacity 98469K, committed 98904K, reserved 1136640K
  class space    used 11892K, capacity 12577K, committed 12672K, reserved 1048576K
}
Event: 3392.741 GC heap before
{Heap before GC invocations=32 (full 4):
 PSYoungGen      total 451584K, used 439173K [0x00000000e0000000, 0x0000000100000000, 0x0000000100000000)
  eden space 427008K, 99% used [0x00000000e0000000,0x00000000fa0f80c0,0x00000000fa100000)
  from space 24576K, 49% used [0x00000000fa100000,0x00000000face94e8,0x00000000fb900000)
  to   space 24064K, 0% used [0x00000000fe880000,0x00000000fe880000,0x0000000100000000)
 ParOldGen       total 152064K, used 52039K [0x00000000a0000000, 0x00000000a9480000, 0x00000000e0000000)
  object space 152064K, 34% used [0x00000000a0000000,0x00000000a32d1de8,0x00000000a9480000)
 Metaspace       used 95106K, capacity 99043K, committed 99416K, reserved 1136640K
  class space    used 11914K, capacity 12618K, committed 12672K, reserved 1048576K
Event: 3392.777 GC heap after
Heap after GC invocations=32 (full 4):
 PSYoungGen      total 496128K, used 20306K [0x00000000e0000000, 0x0000000100000000, 0x0000000100000000)
  eden space 472064K, 0% used [0x00000000e0000000,0x00000000e0000000,0x00000000fcd00000)
  from space 24064K, 84% used [0x00000000fe880000,0x00000000ffc54b68,0x0000000100000000)
  to   space 26112K, 0% used [0x00000000fcd00000,0x00000000fcd00000,0x00000000fe680000)
 ParOldGen       total 152064K, used 52407K [0x00000000a0000000, 0x00000000a9480000, 0x00000000e0000000)
  object space 152064K, 34% used [0x00000000a0000000,0x00000000a332dde8,0x00000000a9480000)
 Metaspace       used 95106K, capacity 99043K, committed 99416K, reserved 1136640K
  class space    used 11914K, capacity 12618K, committed 12672K, reserved 1048576K
}
Event: 4533.234 GC heap before
{Heap before GC invocations=33 (full 4):
 PSYoungGen      total 496128K, used 492370K [0x00000000e0000000, 0x0000000100000000, 0x0000000100000000)
  eden space 472064K, 100% used [0x00000000e0000000,0x00000000fcd00000,0x00000000fcd00000)
  from space 24064K, 84% used [0x00000000fe880000,0x00000000ffc54b68,0x0000000100000000)
  to   space 26112K, 0% used [0x00000000fcd00000,0x00000000fcd00000,0x00000000fe680000)
 ParOldGen       total 152064K, used 52407K [0x00000000a0000000, 0x00000000a9480000, 0x00000000e0000000)
  object space 152064K, 34% used [0x00000000a0000000,0x00000000a332dde8,0x00000000a9480000)
 Metaspace       used 95563K, capacity 99961K, committed 100056K, reserved 1136640K
  class space    used 11976K, capacity 12727K, committed 12800K, reserved 1048576K
Event: 4533.270 GC heap after
Heap after GC invocations=33 (full 4):
 PSYoungGen      total 498176K, used 8377K [0x00000000e0000000, 0x0000000100000000, 0x0000000100000000)
  eden space 472064K, 0% used [0x00000000e0000000,0x00000000e0000000,0x00000000fcd00000)
  from space 26112K, 32% used [0x00000000fcd00000,0x00000000fd52e438,0x00000000fe680000)
  to   space 25088K, 0% used [0x00000000fe780000,0x00000000fe780000,0x0000000100000000)
 ParOldGen       total 152064K, used 52663K [0x00000000a0000000, 0x00000000a9480000, 0x00000000e0000000)
  object space 152064K, 34% used [0x00000000a0000000,0x00000000a336dde8,0x00000000a9480000)
 Metaspace       used 95563K, capacity 99961K, committed 100056K, reserved 1136640K
  class space    used 11976K, capacity 12727K, committed 12800K, reserved 1048576K
}
Event: 4598.970 GC heap before
{Heap before GC invocations=34 (full 4):
 PSYoungGen      total 498176K, used 480441K [0x00000000e0000000, 0x0000000100000000, 0x0000000100000000)
  eden space 472064K, 100% used [0x00000000e0000000,0x00000000fcd00000,0x00000000fcd00000)
  from space 26112K, 32% used [0x00000000fcd00000,0x00000000fd52e438,0x00000000fe680000)
  to   space 25088K, 0% used [0x00000000fe780000,0x00000000fe780000,0x0000000100000000)
 ParOldGen       total 152064K, used 52663K [0x00000000a0000000, 0x00000000a9480000, 0x00000000e0000000)
  object space 152064K, 34% used [0x00000000a0000000,0x00000000a336dde8,0x00000000a9480000)
 Metaspace       used 95758K, capacity 100125K, committed 100312K, reserved 1136640K
  class space    used 11978K, capacity 12731K, committed 12800K, reserved 1048576K
Event: 4598.998 GC heap after
Heap after GC invocations=34 (full 4):
 PSYoungGen      total 497152K, used 17562K [0x00000000e0000000, 0x0000000100000000, 0x0000000100000000)
  eden space 472064K, 0% used [0x00000000e0000000,0x00000000e0000000,0x00000000fcd00000)
  from space 25088K, 70% used [0x00000000fe780000,0x00000000ff8a6a40,0x0000000100000000)
  to   space 26112K, 0% used [0x00000000fcd00000,0x00000000fcd00000,0x00000000fe680000)
 ParOldGen       total 152064K, used 52986K [0x00000000a0000000, 0x00000000a9480000, 0x00000000e0000000)
  object space 152064K, 34% used [0x00000000a0000000,0x00000000a33be960,0x00000000a9480000)
 Metaspace       used 95758K, capacity 100125K, committed 100312K, reserved 1136640K
  class space    used 11978K, capacity 12731K, committed 12800K, reserved 1048576K
}

